[0403/110801:INFO:chromedriver_server.cc(76)] Handling request: /status 
[0403/110801:INFO:chromedriver_server.cc(81)] Done handling request: 200 {"sessionId":"","status":0,"value":{"build":{"version":"alpha"},"os":{"arch":"x86_64","name":"Mac OS X","version":"10.7.5"}}}
[0403/110802:INFO:chromedriver_server.cc(76)] Handling request: /session {"desiredCapabilities":{"platform":"ANY","acceptSslCerts":true,"browserName":"chrome","version":""}}
[0403/110802:INFO:chrome_desktop_impl.cc(49)] Using chrome from /Applications/Google Chrome.app/Contents/MacOS/Google Chrome
[0403/110810:INFO:chromedriver_server.cc(81)] Done handling request: 303 
[0403/110810:INFO:chromedriver_server.cc(76)] Handling request: /session/7de2a7dd9ad7739ed5f0e2307aa15a1d 
[0403/110810:INFO:chromedriver_server.cc(81)] Done handling request: 200 {"sessionId":"7de2a7dd9ad7739ed5f0e2307aa15a1d","status":0,"value":{"acceptSslCerts":true,"applicationCacheEnabled":false,"browserConnectionEnabled":false,"browserName":"chrome","cssSelectorsEnabled":true,"databaseEnabled":true,"driverVersion":"0.6","handlesAlerts":true,"javascriptEnabled":true,"locationContextEnabled":true,"nativeEvents":true,"platform":"Mac OS X","rotatable":false,"takesScreenshot":true,"version":"26.0.1410.43","webStorageEnabled":true}}
[0403/110810:INFO:chromedriver_server.cc(76)] Handling request: /session/7de2a7dd9ad7739ed5f0e2307aa15a1d/cookie 
[0403/110811:INFO:chromedriver_server.cc(81)] Done handling request: 200 {"sessionId":"7de2a7dd9ad7739ed5f0e2307aa15a1d","status":0,"value":null}
[0403/110811:INFO:chromedriver_server.cc(76)] Handling request: /session/7de2a7dd9ad7739ed5f0e2307aa15a1d/timeouts/implicit_wait {"ms":30000}
[0403/110811:INFO:chromedriver_server.cc(81)] Done handling request: 200 {"sessionId":"7de2a7dd9ad7739ed5f0e2307aa15a1d","status":0,"value":null}
[0403/110811:INFO:chromedriver_server.cc(76)] Handling request: /session/7de2a7dd9ad7739ed5f0e2307aa15a1d/url {"url":"https://ipdev.amwaylive.com//aurora/source/ts/uc_common/view/WA-C-01-F012.html"}
[0403/112419:INFO:chromedriver_server.cc(81)] Done handling request: 200 {"sessionId":"7de2a7dd9ad7739ed5f0e2307aa15a1d","status":0,"value":null}
[0403/112419:INFO:chromedriver_server.cc(76)] Handling request: /session/7de2a7dd9ad7739ed5f0e2307aa15a1d/element {"using":"css selector","value":"a.naviOpen.naviOpenBtn > div > span"}
[0403/112419:INFO:chromedriver_server.cc(81)] Done handling request: 200 {"sessionId":"7de2a7dd9ad7739ed5f0e2307aa15a1d","status":0,"value":{"ELEMENT":"1"}}
[0403/112419:INFO:chromedriver_server.cc(76)] Handling request: /session/7de2a7dd9ad7739ed5f0e2307aa15a1d/element {"using":"css selector","value":"a.naviOpen.naviOpenBtn > div > span"}
[0403/112419:INFO:chromedriver_server.cc(81)] Done handling request: 200 {"sessionId":"7de2a7dd9ad7739ed5f0e2307aa15a1d","status":0,"value":{"ELEMENT":"1"}}
[0403/112419:INFO:chromedriver_server.cc(76)] Handling request: /session/7de2a7dd9ad7739ed5f0e2307aa15a1d/element/1/click {"id":"1"}
[0403/112420:INFO:chromedriver_server.cc(81)] Done handling request: 200 {"sessionId":"7de2a7dd9ad7739ed5f0e2307aa15a1d","status":13,"value":{"message":"unknown error: Element is not clickable at point (30, 21). Other element would receive the click: \u003Cdiv id=\"_BACKGROUND_ID_\" class=\"section loading-bg\" style=\"\"\u003E...\u003C/div\u003E\n  (Session info: chrome=26.0.1410.43)\n  (Driver info: chromedriver=0.6,platform=Mac OS X 10.7.5 x86_64)"}}
[0403/112420:INFO:chromedriver_server.cc(76)] Handling request: /session/7de2a7dd9ad7739ed5f0e2307aa15a1d 
[0403/112420:INFO:chromedriver_server.cc(81)] Done handling request: 200 {"sessionId":"7de2a7dd9ad7739ed5f0e2307aa15a1d","status":0,"value":null}
[0403/112420:INFO:chromedriver_server.cc(76)] Handling request: /shutdown 
[0403/112420:INFO:chromedriver_server.cc(81)] Done handling request: 200 {"sessionId":"","status":0,"value":null}
